<?xml version="1.0" encoding="UTF-8"?>
<!-- Generated by org.testng.reporters.JUnitReportReporter -->
<testsuite skipped="0" hostname="Bujjilu" name="com.sai.store.books.textbooks.test.TextBooksTests" tests="1" failures="0" timestamp="22 Apr 2019 20:54:50 GMT" time="2.872" errors="0">
  <testcase name="getAllTextBooks" time="2.872" classname="com.sai.store.books.textbooks.test.TextBooksTests"/>
</testsuite> <!-- com.sai.store.books.textbooks.test.TextBooksTests -->
